<?xml version="1.0" encoding="UTF-8"?>
<!-- Generated by org.testng.reporters.JUnitReportReporter -->
<testsuite hostname="DESKTOP-H5GNAQ6" failures="0" tests="1" name="com.Shoppersstack_TestScripts.TC_001_verify_user_is_able_to_add_address_or_not" time="29.442" errors="0" timestamp="2025-04-05T14:30:32 IST" skipped="0">
  <testcase classname="com.Shoppersstack_TestScripts.TC_001_verify_user_is_able_to_add_address_or_not" name="addAddress" time="29.442"/>
</testsuite> <!-- com.Shoppersstack_TestScripts.TC_001_verify_user_is_able_to_add_address_or_not -->
